00:09:28.623 INFO - Launching a standalone Selenium Server
00:09:28.686 INFO - Java: Oracle Corporation 25.77-b03
00:09:28.686 INFO - OS: Mac OS X 10.12.1 x86_64
00:09:28.712 INFO - v2.53.1, with Core v2.53.1. Built from revision a36b8b1
00:09:28.813 INFO - Driver provider org.openqa.selenium.ie.InternetExplorerDriver registration is skipped:
registration capabilities Capabilities [{ensureCleanSession=true, browserName=internet explorer, version=, platform=WINDOWS}] does not match the current platform MAC
00:09:28.814 INFO - Driver provider org.openqa.selenium.edge.EdgeDriver registration is skipped:
registration capabilities Capabilities [{browserName=MicrosoftEdge, version=, platform=WINDOWS}] does not match the current platform MAC
00:09:28.814 INFO - Driver class not found: com.opera.core.systems.OperaDriver
00:09:28.815 INFO - Driver provider com.opera.core.systems.OperaDriver is not registered
00:09:28.817 INFO - Driver class not found: org.openqa.selenium.htmlunit.HtmlUnitDriver
00:09:28.818 INFO - Driver provider org.openqa.selenium.htmlunit.HtmlUnitDriver is not registered
00:09:28.931 INFO - RemoteWebDriver instances should connect to: http://127.0.0.1:4444/wd/hub
00:09:28.931 INFO - Selenium Server is up and running
00:09:29.417 INFO - Executing: [new session: Capabilities [{acceptSslCerts=true, name=Test, browserName=chrome, javascriptEnabled=true, platform=ANY}]])
00:09:29.431 INFO - Creating a new session for Capabilities [{acceptSslCerts=true, name=Test, browserName=chrome, javascriptEnabled=true, platform=ANY}]
Starting ChromeDriver 2.25.426935 (820a95b0b81d33e42712f9198c215f703412e1a1) on port 39866
Only local connections are allowed.
00:09:31.104 INFO - Done: [new session: Capabilities [{acceptSslCerts=true, name=Test, browserName=chrome, javascriptEnabled=true, platform=ANY}]]
00:09:31.120 INFO - Executing: [get: http://localhost:8080])
00:09:34.704 INFO - Done: [get: http://localhost:8080]
00:09:34.718 INFO - Executing: [find elements: By.cssSelector: #app])
00:09:34.756 INFO - Done: [find elements: By.cssSelector: #app]
00:09:34.763 INFO - Executing: [is displayed: 0 [[ChromeDriver: chrome on MAC (3622821d6e1ebc27453351d70fc30dcf)] -> css selector: #app]])
00:09:34.785 INFO - Done: [is displayed: 0 [[ChromeDriver: chrome on MAC (3622821d6e1ebc27453351d70fc30dcf)] -> css selector: #app]]
00:09:34.794 INFO - Executing: [find elements: By.cssSelector: .hello])
00:09:34.811 INFO - Done: [find elements: By.cssSelector: .hello]
00:09:34.821 INFO - Executing: [delete session: c5c77ede-d686-4c0a-a615-2c33affb1f22])
00:09:34.916 INFO - Done: [delete session: c5c77ede-d686-4c0a-a615-2c33affb1f22]
